<?xml version="1.0" encoding="UTF-8"?>
<!-- Generated by org.testng.reporters.JUnitReportReporter -->
<testsuite hostname="Gabriels-Air-2.gracepointonline.org" name="com.facebook.tests.TestHomePage" tests="2" failures="0" timestamp="12 Apr 2018 19:05:51 GMT" time="7.544" errors="0">
  <testcase name="verifyForgotAccountLink" time="4.772" classname="com.facebook.tests.TestHomePage"/>
  <testcase name="testNewAccountFields" time="2.772" classname="com.facebook.tests.TestHomePage"/>
</testsuite>
