<?xml version="1.0" encoding="UTF-8"?>
<!-- Generated by org.testng.reporters.JUnitReportReporter -->
<testsuite hostname="Gabriels-Air-2" name="com.guru99.tests.Test99GuruHomePage" tests="2" failures="0" timestamp="17 Apr 2018 03:24:52 GMT" time="0.256" errors="0">
  <testcase name="testGenerateAccessText" time="0.099" classname="com.guru99.tests.Test99GuruHomePage"/>
  <testcase name="test_Home_Page_DashBoard_UserName" time="0.157" classname="com.guru99.tests.Test99GuruHomePage"/>
</testsuite>
